{
  "RSpec": {
    "coverage": {
      "/home/work/Gems/museum/spec/dummy/app/helpers/application_helper.rb": [
        1,
        null
      ],
      "/home/work/Gems/museum/spec/dummy/spec/support/case_support.rb": [
        1,
        28,
        4,
        4,
        null
      ],
      "/home/work/Gems/museum/spec/dummy/app/controllers/application_controller.rb": [
        1,
        null,
        null,
        1,
        null
      ],
      "/home/work/Gems/museum/spec/dummy/spec/models/case_spec.rb": [
        1,
        null,
        1,
        1,
        null,
        1,
        1,
        1,
        null,
        1,
        1,
        null,
        1,
        null,
        null,
        1,
        1,
        1,
        null,
        null,
        1,
        1,
        1,
        null,
        null,
        1,
        1,
        1,
        null,
        null,
        1,
        1,
        1,
        null,
        null,
        1,
        1,
        1,
        null,
        null,
        1,
        1,
        1,
        null,
        null,
        1,
        1,
        1,
        null,
        null
      ],
      "/home/work/Gems/museum/spec/dummy/spec/museum_spec.rb": [
        1,
        null,
        1,
        1,
        1,
        null,
        null
      ],
      "/home/work/Gems/museum/spec/dummy/spec/views/cases/index.html.haml_spec.rb": [
        1,
        null,
        1,
        1,
        1,
        0,
        0,
        0,
        0,
        0,
        null,
        null
      ],
      "/home/work/Gems/museum/spec/dummy/spec/views/cases/show.html.haml_spec.rb": [
        1,
        null,
        1,
        1,
        1,
        0,
        0,
        0,
        0,
        0,
        null,
        null
      ]
    },
    "timestamp": 1400258679
  }
}
