{
  "RSpec": {
    "coverage": {
      "/home/work/Gems/museum/spec/dummy/app/helpers/application_helper.rb": [
        1,
        null
      ],
      "/home/work/Gems/museum/spec/support/case_support.rb": [
        1,
        94,
        94,
        94,
        94,
        94,
        null
      ],
      "/home/work/Gems/museum/spec/support/loupe_support.rb": [
        1,
        94,
        94,
        null
      ],
      "/home/work/Gems/museum/app/controllers/museum/cases_controller.rb": [
        1,
        1,
        null,
        null,
        1,
        4,
        4,
        null,
        null,
        null,
        1,
        6,
        4,
        null,
        null,
        null,
        null,
        1,
        6,
        4,
        4,
        null,
        0,
        null,
        null,
        null,
        null,
        1,
        null,
        1,
        4,
        4,
        null,
        null,
        1,
        12,
        null,
        null,
        null,
        null
      ],
      "/home/work/Gems/museum/spec/dummy/app/controllers/application_controller.rb": [
        1,
        null,
        null,
        1,
        null
      ],
      "/home/work/Gems/museum/app/helpers/museum/cases_helper.rb": [
        1,
        1,
        1,
        4,
        null,
        null,
        null
      ],
      "/home/work/Gems/museum/spec/dummy/spec/controllers/cases_controller_spec.rb": [
        1,
        null,
        1,
        1,
        1,
        null,
        1,
        3,
        2,
        2,
        null,
        1,
        1,
        2,
        2,
        null,
        1,
        3,
        2,
        2,
        null,
        null,
        1,
        1,
        2,
        2,
        null,
        1,
        3,
        2,
        2,
        null,
        null,
        null
      ],
      "/home/work/Gems/museum/spec/dummy/spec/helpers/cases_helper_spec.rb": [
        1,
        null,
        1,
        1,
        1,
        1,
        3,
        2,
        2,
        null,
        null
      ],
      "/home/work/Gems/museum/spec/dummy/spec/models/case_detail_spec.rb": [
        1,
        null,
        1,
        1,
        1,
        null,
        2,
        2,
        2,
        2,
        2,
        null,
        1,
        1,
        1,
        1,
        1,
        1,
        null,
        2,
        null,
        null,
        1,
        2,
        2,
        null,
        null,
        1,
        2,
        2,
        null,
        null,
        1,
        2,
        2,
        null,
        null
      ],
      "/home/work/Gems/museum/app/models/museum/case_detail.rb": [
        1,
        1,
        1,
        null,
        1,
        1,
        null,
        1,
        9046,
        null,
        null,
        1,
        14,
        null,
        null,
        1,
        6,
        6,
        0,
        null,
        6,
        null,
        null,
        null,
        1,
        2,
        null,
        null,
        null
      ],
      "/home/work/Gems/museum/spec/dummy/spec/models/case_spec.rb": [
        1,
        null,
        1,
        1,
        1,
        null,
        2,
        2,
        null,
        1,
        2,
        2,
        null,
        null,
        1,
        1,
        2,
        2,
        null,
        1,
        2,
        2,
        null,
        null,
        null,
        1,
        1,
        null,
        null,
        null,
        1,
        null,
        2,
        null,
        null,
        1,
        2,
        2,
        null,
        null,
        1,
        2,
        2,
        null,
        null
      ],
      "/home/work/Gems/museum/spec/dummy/spec/models/loupe_spec.rb": [
        1,
        null,
        1,
        1,
        1,
        null,
        2,
        2,
        null,
        1,
        2,
        2,
        null,
        null,
        1,
        2,
        2,
        null,
        null,
        1,
        2,
        2,
        null,
        null,
        1,
        2,
        2,
        null,
        null,
        1,
        2,
        2,
        null,
        null
      ],
      "/home/work/Gems/museum/spec/dummy/spec/museum_spec.rb": [
        1,
        null,
        1,
        1,
        1,
        null,
        null
      ],
      "/home/work/Gems/museum/spec/dummy/spec/routing/engine_routes_spec.rb": [
        1,
        null,
        1,
        4,
        1,
        1,
        null,
        1,
        2,
        2,
        2,
        null,
        null
      ],
      "/home/work/Gems/museum/spec/dummy/spec/views/cases/index.html.haml_spec.rb": [
        1,
        null,
        1,
        1,
        1,
        1,
        1,
        1,
        null,
        null,
        1,
        1,
        1,
        1,
        1,
        null,
        null,
        null
      ],
      "/home/work/Gems/museum/spec/dummy/spec/views/cases/show.html.haml_spec.rb": [
        1,
        null,
        1,
        1,
        1,
        null,
        1,
        1,
        1,
        null,
        null,
        1,
        1,
        1,
        1,
        null,
        null,
        null
      ],
      "/home/work/Gems/museum/spec/helpers/cases_helper_spec.rb": [
        1,
        null,
        1,
        1,
        1,
        1,
        3,
        2,
        2,
        null,
        null
      ],
      "/home/work/Gems/museum/spec/models/case_detail_spec.rb": [
        1,
        null,
        1,
        1,
        1,
        null,
        2,
        2,
        2,
        2,
        2,
        null,
        1,
        1,
        1,
        1,
        1,
        1,
        null,
        2,
        null,
        null,
        1,
        2,
        2,
        null,
        null,
        1,
        2,
        2,
        null,
        null,
        1,
        2,
        2,
        null,
        null
      ],
      "/home/work/Gems/museum/spec/models/case_spec.rb": [
        1,
        null,
        1,
        1,
        1,
        null,
        2,
        2,
        null,
        1,
        2,
        2,
        null,
        null,
        1,
        1,
        2,
        2,
        null,
        1,
        2,
        2,
        null,
        null,
        null,
        1,
        1,
        null,
        null,
        null,
        1,
        null,
        2,
        null,
        null,
        1,
        2,
        2,
        null,
        null,
        1,
        2,
        2,
        null,
        null
      ],
      "/home/work/Gems/museum/spec/models/loupe_spec.rb": [
        1,
        null,
        1,
        1,
        1,
        null,
        2,
        2,
        null,
        1,
        2,
        2,
        null,
        null,
        1,
        2,
        2,
        null,
        null,
        1,
        2,
        2,
        null,
        null,
        1,
        2,
        2,
        null,
        null,
        1,
        2,
        2,
        null,
        null
      ],
      "/home/work/Gems/museum/spec/museum_spec.rb": [
        1,
        null,
        1,
        1,
        1,
        null,
        null
      ],
      "/home/work/Gems/museum/spec/routing/engine_routes_spec.rb": [
        1,
        null,
        1,
        4,
        1,
        1,
        null,
        1,
        2,
        2,
        2,
        null,
        null
      ],
      "/home/work/Gems/museum/spec/views/cases/index.html.haml_spec.rb": [
        1,
        null,
        1,
        1,
        1,
        1,
        1,
        1,
        null,
        null,
        1,
        1,
        1,
        1,
        1,
        null,
        null,
        null
      ],
      "/home/work/Gems/museum/spec/views/cases/show.html.haml_spec.rb": [
        1,
        null,
        1,
        1,
        1,
        null,
        1,
        1,
        1,
        null,
        null,
        1,
        1,
        1,
        1,
        null,
        null,
        null
      ]
    },
    "timestamp": 1412618775
  }
}
